<?xml version="1.0" encoding="UTF-8"?>
<testsuite name="com.flowstate.engine.StateEngineTest" tests="11" skipped="0" failures="0" errors="0" timestamp="2026-07-08T13:38:44.076Z" hostname="l" time="0.012">
  <properties/>
  <testcase name="band returns to base when heart rate settles" classname="com.flowstate.engine.StateEngineTest" time="0.003"/>
  <testcase name="a 20 second stop mid-run does not leave riding" classname="com.flowstate.engine.StateEngineTest" time="0.0"/>
  <testcase name="heart rate never changes the mode itself" classname="com.flowstate.engine.StateEngineTest" time="0.0"/>
  <testcase name="drop-in confirms riding within seconds" classname="com.flowstate.engine.StateEngineTest" time="0.001"/>
  <testcase name="lift confirmation in progress is cancelled by a riding burst" classname="com.flowstate.engine.StateEngineTest" time="0.001"/>
  <testcase name="sustained climb with a still body confirms lift" classname="com.flowstate.engine.StateEngineTest" time="0.001"/>
  <testcase name="no signals for long enough decays to paused" classname="com.flowstate.engine.StateEngineTest" time="0.002"/>
  <testcase name="riding takes over from lift quickly once lift dwell has passed" classname="com.flowstate.engine.StateEngineTest" time="0.001"/>
  <testcase name="falling heart rate while paused eases the band down" classname="com.flowstate.engine.StateEngineTest" time="0.0"/>
  <testcase name="violent motion alone can confirm riding when gps and baro are dark" classname="com.flowstate.engine.StateEngineTest" time="0.0"/>
  <testcase name="high heart rate narrows the riding band to the top" classname="com.flowstate.engine.StateEngineTest" time="0.001"/>
  <system-out><![CDATA[]]></system-out>
  <system-err><![CDATA[]]></system-err>
</testsuite>
